Using pre-set license
Built from '2021.1/staging' branch; Version is '2021.1.6f1 (c0fade0cc7e9) revision 12647134'; Using compiler version '192528614'; Build Type 'Release'
OS: 'Windows 10 Pro; OS build 19041.985; Version 2004; 64bit' Language: 'en' Physical Memory: 32667 MB
BatchMode: 1, IsHumanControllingUs: 0, StartBugReporterOnCrash: 0, Is64bit: 1, IsPro: 0

 COMMAND LINE ARGUMENTS:
C:\Program Files\Unity\Hub\Editor\2021.1.6f1\Editor\Unity.exe
-adb2
-batchMode
-noUpm
-name
AssetImportWorker0
-projectPath
C:/Users/mattd/Documents/unityLearn/UI Creater/CSD332UI Helper
-logFile
Logs/AssetImportWorker0.log
-srvPort
55050
Successfully changed project path to: C:/Users/mattd/Documents/unityLearn/UI Creater/CSD332UI Helper
C:/Users/mattd/Documents/unityLearn/UI Creater/CSD332UI Helper
Using Asset Import Pipeline V2.
Refreshing native plugins compatible for Editor in 82.19 ms, found 1 plugins.
Preloading 0 native plugins for Editor in 0.00 ms.
Initialize engine version: 2021.1.6f1 (c0fade0cc7e9)
[Subsystems] Discovering subsystems at path C:/Program Files/Unity/Hub/Editor/2021.1.6f1/Editor/Data/Resources/UnitySubsystems
[Subsystems] Discovering subsystems at path C:/Users/mattd/Documents/unityLearn/UI Creater/CSD332UI Helper/Assets
GfxDevice: creating device client; threaded=0; jobified=0
Direct3D:
    Version:  Direct3D 11.0 [level 11.1]
    Renderer: NVIDIA GeForce GTX 1080 (ID=0x1b80)
    Vendor:   NVIDIA
    VRAM:     8079 MB
    Driver:   27.21.14.5671
Initialize mono
Mono path[0] = 'C:/Program Files/Unity/Hub/Editor/2021.1.6f1/Editor/Data/Managed'
Mono path[1] = 'C:/Program Files/Unity/Hub/Editor/2021.1.6f1/Editor/Data/MonoBleedingEdge/lib/mono/unityjit'
Mono config path = 'C:/Program Files/Unity/Hub/Editor/2021.1.6f1/Editor/Data/MonoBleedingEdge/etc'
Using monoOptions --debugger-agent=transport=dt_socket,embedding=1,server=y,suspend=n,address=127.0.0.1:56744
Begin MonoManager ReloadAssembly
Registering precompiled unity dll's ...
Register platform support module: C:/Program Files/Unity/Hub/Editor/2021.1.6f1/Editor/Data/PlaybackEngines/WebGLSupport/UnityEditor.WebGL.Extensions.dll
Register platform support module: C:/Program Files/Unity/Hub/Editor/2021.1.6f1/Editor/Data/PlaybackEngines/MacStandaloneSupport/UnityEditor.OSXStandalone.Extensions.dll
Register platform support module: C:/Program Files/Unity/Hub/Editor/2021.1.6f1/Editor/Data/PlaybackEngines/WindowsStandaloneSupport/UnityEditor.WindowsStandalone.Extensions.dll
Register platform support module: C:/Program Files/Unity/Hub/Editor/2021.1.6f1/Editor/Data/PlaybackEngines/LinuxStandaloneSupport/UnityEditor.LinuxStandalone.Extensions.dll
Registered in 0.007116 seconds.
Native extension for LinuxStandalone target not found
Native extension for WindowsStandalone target not found
Native extension for OSXStandalone target not found
Native extension for WebGL target not found
Refreshing native plugins compatible for Editor in 88.61 ms, found 1 plugins.
Preloading 0 native plugins for Editor in 0.00 ms.
Mono: successfully reloaded assembly
- Completed reload, in  2.460 seconds
Platform modules already initialized, skipping
Registering precompiled user dll's ...
Registered in 0.008850 seconds.
Begin MonoManager ReloadAssembly
Native extension for LinuxStandalone target not found
Native extension for WindowsStandalone target not found
Native extension for OSXStandalone target not found
Native extension for WebGL target not found
Refreshing native plugins compatible for Editor in 0.80 ms, found 1 plugins.
Preloading 0 native plugins for Editor in 0.00 ms.
Mono: successfully reloaded assembly
- Completed reload, in  1.166 seconds
Platform modules already initialized, skipping
========================================================================
Worker process is ready to serve import requests
Launched and connected shader compiler UnityShaderCompiler.exe after 0.06 seconds
Refreshing native plugins compatible for Editor in 0.74 ms, found 1 plugins.
Preloading 0 native plugins for Editor in 0.00 ms.
Unloading 2665 Unused Serialized files (Serialized files now loaded: 0)
System memory in use before: 100.4 MB.
System memory in use after: 100.5 MB.

Unloading 15 unused Assets to reduce memory usage. Loaded Objects now: 3117.
Total: 2.324100 ms (FindLiveObjects: 0.235400 ms CreateObjectMapping: 0.114700 ms MarkObjects: 1.893100 ms  DeleteObjects: 0.079400 ms)

========================================================================
Received Import Request.
  path: Assets/beffio/UI - BUILDER/Prefabs/1. Fundamental UI Elements/ColorSchemes/__ColorsPalettePreview.prefab
  artifactKey: Guid(21e3c6a2b8f175246bdd8936feef47f0) Importer(815301076,1909f56bfc062723c751e8b465ee728b)
Start importing Assets/beffio/UI - BUILDER/Prefabs/1. Fundamental UI Elements/ColorSchemes/__ColorsPalettePreview.prefab using Guid(21e3c6a2b8f175246bdd8936feef47f0) Importer(815301076,1909f56bfc062723c751e8b465ee728b)  -> (artifact id: '6eaf686a264af8b2dd0a890a80184071') in 0.082201 seconds 
========================================================================
Received Import Request.
  Time since last request: 0.000183 seconds.
  path: Assets/beffio/UI - BUILDER/Prefabs/1. Fundamental UI Elements/ColorSchemes/ColorPalette_1.prefab
  artifactKey: Guid(005f177aae97b804ca20f34222253fc4) Importer(815301076,1909f56bfc062723c751e8b465ee728b)
Start importing Assets/beffio/UI - BUILDER/Prefabs/1. Fundamental UI Elements/ColorSchemes/ColorPalette_1.prefab using Guid(005f177aae97b804ca20f34222253fc4) Importer(815301076,1909f56bfc062723c751e8b465ee728b)  -> (artifact id: 'b6bbdacef66b43b6e5f504a1da320ff3') in 0.009779 seconds 
========================================================================
Received Import Request.
  Time since last request: 78.731518 seconds.
  path: Assets/beffio/UI - BUILDER/Prefabs/1. Fundamental UI Elements/ColorSchemes/ColorPalette_2.prefab
  artifactKey: Guid(f75631ac71a1c734c84a0ade01de15e9) Importer(815301076,1909f56bfc062723c751e8b465ee728b)
Start importing Assets/beffio/UI - BUILDER/Prefabs/1. Fundamental UI Elements/ColorSchemes/ColorPalette_2.prefab using Guid(f75631ac71a1c734c84a0ade01de15e9) Importer(815301076,1909f56bfc062723c751e8b465ee728b)  -> (artifact id: '410bc2f93e42ee51c32a14b5711204f1') in 0.010370 seconds 
========================================================================
Received Import Request.
  Time since last request: 1.837311 seconds.
  path: Assets/beffio/UI - BUILDER/Prefabs/1. Fundamental UI Elements/ColorSchemes/ColorPalette_3.prefab
  artifactKey: Guid(98b95a2c0645614438bc7c72f4ed688b) Importer(815301076,1909f56bfc062723c751e8b465ee728b)
Start importing Assets/beffio/UI - BUILDER/Prefabs/1. Fundamental UI Elements/ColorSchemes/ColorPalette_3.prefab using Guid(98b95a2c0645614438bc7c72f4ed688b) Importer(815301076,1909f56bfc062723c751e8b465ee728b)  -> (artifact id: 'fa15f3aa3f430a1681ae7a62a4c0f060') in 0.010334 seconds 
========================================================================
Received Import Request.
  Time since last request: 0.899645 seconds.
  path: Assets/beffio/UI - BUILDER/Prefabs/1. Fundamental UI Elements/ColorSchemes/ColorPalette_4.prefab
  artifactKey: Guid(3adcd6c3db4c5a143a9b47d4404eb497) Importer(815301076,1909f56bfc062723c751e8b465ee728b)
Start importing Assets/beffio/UI - BUILDER/Prefabs/1. Fundamental UI Elements/ColorSchemes/ColorPalette_4.prefab using Guid(3adcd6c3db4c5a143a9b47d4404eb497) Importer(815301076,1909f56bfc062723c751e8b465ee728b)  -> (artifact id: '229422624656402b772888f21bbdcf25') in 0.010234 seconds 
========================================================================
Received Import Request.
  Time since last request: 2.553241 seconds.
  path: Assets/beffio/UI - BUILDER/Prefabs/1. Fundamental UI Elements/ColorSchemes/ColorPalette_5.prefab
  artifactKey: Guid(be8307d8c26f979488b277a5eb5cece8) Importer(815301076,1909f56bfc062723c751e8b465ee728b)
Start importing Assets/beffio/UI - BUILDER/Prefabs/1. Fundamental UI Elements/ColorSchemes/ColorPalette_5.prefab using Guid(be8307d8c26f979488b277a5eb5cece8) Importer(815301076,1909f56bfc062723c751e8b465ee728b)  -> (artifact id: '33fa84f923d08514840f1c814267511a') in 0.009965 seconds 
========================================================================
Received Import Request.
  Time since last request: 63.841527 seconds.
  path: Assets/beffio/UI - BUILDER/Prefabs/1. Fundamental UI Elements/Sliced Panels - Circles - Knots - Tags/__SlicedPanels-Circles-Knots-Tags-Preview.prefab
  artifactKey: Guid(39b86b09d8cf0024883314fc4439cf59) Importer(815301076,1909f56bfc062723c751e8b465ee728b)
Start importing Assets/beffio/UI - BUILDER/Prefabs/1. Fundamental UI Elements/Sliced Panels - Circles - Knots - Tags/__SlicedPanels-Circles-Knots-Tags-Preview.prefab using Guid(39b86b09d8cf0024883314fc4439cf59) Importer(815301076,1909f56bfc062723c751e8b465ee728b)  -> (artifact id: '70f766764450d417752f2e141d28ca9c') in 0.147376 seconds 
========================================================================
Received Import Request.
  Time since last request: 0.077482 seconds.
  path: Assets/beffio/UI - BUILDER/Prefabs/1. Fundamental UI Elements/Sliced Panels - Circles - Knots - Tags/__SlicedPanels-Circles-Knots-Tags-Preview.prefab
  artifactKey: Guid(39b86b09d8cf0024883314fc4439cf59) Importer(815301076,1909f56bfc062723c751e8b465ee728b)
Start importing Assets/beffio/UI - BUILDER/Prefabs/1. Fundamental UI Elements/Sliced Panels - Circles - Knots - Tags/__SlicedPanels-Circles-Knots-Tags-Preview.prefab using Guid(39b86b09d8cf0024883314fc4439cf59) Importer(815301076,1909f56bfc062723c751e8b465ee728b)  -> (artifact id: 'bfcbf9da7258b9ca25eaa0c0e3a75332') in 0.149842 seconds 
========================================================================
Received Import Request.
  Time since last request: 4.201008 seconds.
  path: Assets/beffio/UI - BUILDER/Prefabs/2. Ready-Made Component Elements/Bubbles/Bubble.prefab
  artifactKey: Guid(0aa9a50e0c4c55945810cc4ea4f70d86) Importer(815301076,1909f56bfc062723c751e8b465ee728b)
Start importing Assets/beffio/UI - BUILDER/Prefabs/2. Ready-Made Component Elements/Bubbles/Bubble.prefab using Guid(0aa9a50e0c4c55945810cc4ea4f70d86) Importer(815301076,1909f56bfc062723c751e8b465ee728b)  -> (artifact id: '92518ab49c5e1a6b7a593e221e401efb') in 0.013315 seconds 
========================================================================
Received Import Request.
  Time since last request: 17.843579 seconds.
  path: Assets/beffio
  artifactKey: Guid(7e6bff98b1bda4dcd8a3f399b38fd16a) Importer(815301076,1909f56bfc062723c751e8b465ee728b)
Start importing Assets/beffio using Guid(7e6bff98b1bda4dcd8a3f399b38fd16a) Importer(815301076,1909f56bfc062723c751e8b465ee728b)  -> (artifact id: '626b258789ca1bb53c32146041f26c03') in 0.017100 seconds 
AssetImportWorkerClient::OnTransportError - code=2 error=End of file
